<?xml version="1.0" encoding="UTF-8"?>
<Site BuildName="(empty)"
	BuildStamp="20250808-0618-Experimental"
	Name="(empty)"
	Generator="ctest-4.0.3-dirty"
	CompilerName=""
	CompilerVersion=""
	OSName="Linux"
	Hostname="ANV1551"
	OSRelease="6.15.8-arch1-1"
	OSVersion="#1 SMP PREEMPT_DYNAMIC Thu, 24 Jul 2025 18:18:11 +0000"
	OSPlatform="x86_64"
	Is64Bits="1"
	VendorString="GenuineIntel"
	VendorID="Intel Corporation"
	FamilyID="6"
	ModelID="186"
	ModelName="13th Gen Intel(R) Core(TM) i5-13420H"
	ProcessorCacheSize="12288"
	NumberOfLogicalCPU="12"
	NumberOfPhysicalCPU="8"
	TotalVirtualMemory="4096"
	TotalPhysicalMemory="15691"
	LogicalProcessorsPerPhysical="1"
	ProcessorClockFrequency="679.737"
	>
	<Testing>
		<StartDateTime>Aug 08 18:20 IST</StartDateTime>
		<StartTestTime>1754657453</StartTestTime>
		<TestList/>
		<EndDateTime>Aug 08 18:20 IST</EndDateTime>
		<EndTestTime>1754657453</EndTestTime>
		<ElapsedMinutes>0</ElapsedMinutes>
	</Testing>
</Site>
